[ERR] Config has errors:
Config error in file /home/logno/.config/hypr/hyprlock.conf at line 9: Invalid config line
Config error in file /home/logno/.config/hypr/hyprlock.conf at line 12: config option <background:input-field:monitor> does not exist.
Config error in file /home/logno/.config/hypr/hyprlock.conf at line 13: config option <background:input-field:size> does not exist.
Config error in file /home/logno/.config/hypr/hyprlock.conf at line 14: config option <background:input-field:dots_size> does not exist.
Config error in file /home/logno/.config/hypr/hyprlock.conf at line 15: config option <background:input-field:dots_spacing> does not exist.
Config error in file /home/logno/.config/hypr/hyprlock.conf at line 16: config option <background:input-field:dots_center> does not exist.
Config error in file /home/logno/.config/hypr/hyprlock.conf at line 17: config option <background:input-field:outer_color> does not exist.
Config error in file /home/logno/.config/hypr/hyprlock.conf at line 18: config option <background:input-field:inner_color> does not exist.
Config error in file /home/logno/.config/hypr/hyprlock.conf at line 19: config option <background:input-field:font_color> does not exist.
Config error in file /home/logno/.config/hypr/hyprlock.conf at line 20: config option <background:input-field:fade_on_empty> does not exist.
Config error in file /home/logno/.config/hypr/hyprlock.conf at line 21: config option <background:input-field:placeholder-text> does not exist.
Config error in file /home/logno/.config/hypr/hyprlock.conf at line 23: config option <background:input-field:position> does not exist.
Config error in file /home/logno/.config/hypr/hyprlock.conf at line 24: config option <background:input-field:halign> does not exist.
Config error in file /home/logno/.config/hypr/hyprlock.conf at line 25: config option <background:input-field:valign> does not exist.
Config error in file /home/logno/.config/hypr/hyprlock.conf: Unclosed category at EOF
Proceeding ignoring faulty entries
[LOG]   | got iface: wl_shm v1
[LOG]   | got iface: wl_drm v2
[LOG]   | got iface: zwp_linux_dmabuf_v1 v4
[LOG]    > Bound to zwp_linux_dmabuf_v1 v4
[LOG]   | got iface: wl_compositor v6
[LOG]    > Bound to wl_compositor v6
[LOG]   | got iface: wl_subcompositor v1
[LOG]   | got iface: wl_data_device_manager v3
[LOG]   | got iface: zwlr_export_dmabuf_manager_v1 v1
[LOG]   | got iface: zwlr_data_control_manager_v1 v2
[LOG]   | got iface: zwp_primary_selection_device_manager_v1 v1
[LOG]   | got iface: wp_viewporter v1
[LOG]    > Bound to wp_viewporter v1
[LOG]   | got iface: zwlr_gamma_control_manager_v1 v1
[LOG]   | got iface: zwlr_output_power_manager_v1 v1
[LOG]   | got iface: xdg_wm_base v6
[LOG]   | got iface: wl_seat v9
[LOG]    > Bound to wl_seat v9
[LOG]   | got iface: wp_presentation v1
[LOG]   | got iface: ext_idle_notifier_v1 v1
[LOG]   | got iface: zwlr_layer_shell_v1 v4
[LOG]   | got iface: org_kde_kwin_server_decoration_manager v1
[LOG]   | got iface: zxdg_decoration_manager_v1 v1
[LOG]   | got iface: zwlr_output_manager_v1 v4
[LOG]   | got iface: zwp_keyboard_shortcuts_inhibit_manager_v1 v1
[LOG]   | got iface: zwp_pointer_constraints_v1 v1
[LOG]   | got iface: zwp_relative_pointer_manager_v1 v1
[LOG]   | got iface: zwp_virtual_keyboard_manager_v1 v1
[LOG]   | got iface: zwlr_virtual_pointer_manager_v1 v2
[LOG]   | got iface: zwlr_foreign_toplevel_manager_v1 v3
[LOG]   | got iface: wp_drm_lease_device_v1 v1
[LOG]   | got iface: zwp_tablet_manager_v2 v1
[LOG]   | got iface: zwp_idle_inhibit_manager_v1 v1
[LOG]   | got iface: zxdg_exporter_v1 v1
[LOG]   | got iface: zxdg_importer_v1 v1
[LOG]   | got iface: zxdg_exporter_v2 v1
[LOG]   | got iface: zxdg_importer_v2 v1
[LOG]   | got iface: zwp_pointer_gestures_v1 v3
[LOG]   | got iface: zwp_text_input_manager_v3 v1
[LOG]   | got iface: zwp_input_method_manager_v2 v1
[LOG]   | got iface: xdg_activation_v1 v1
[LOG]   | got iface: ext_session_lock_manager_v1 v1
[LOG]    > Bound to ext_session_lock_manager_v1 v1
[LOG]   | got iface: wp_cursor_shape_manager_v1 v1
[LOG]    > Bound to 